<?xml version="1.0" encoding="UTF-8"?><testrun name="TestRunner" project="DBSCucumberProject" tests="1" started="1" failures="0" errors="1" ignored="0">
  <testsuite name="cucumberOptions.TestRunner" time="0.001">
    <testcase name="initializationError" classname="cucumberOptions.TestRunner" time="0.001">
      <error>java.lang.IllegalArgumentException: Couldn't create a file output stream for target\Report1.
Make sure the the file isn't a directory.
The details are in the stack trace below:&#13;
	at io.cucumber.core.plugin.PluginFactory.createFileOutputStream(PluginFactory.java:209)&#13;
	at io.cucumber.core.plugin.PluginFactory.openStream(PluginFactory.java:197)&#13;
	at io.cucumber.core.plugin.PluginFactory.convert(PluginFactory.java:164)&#13;
	at io.cucumber.core.plugin.PluginFactory.instantiate(PluginFactory.java:97)&#13;
	at io.cucumber.core.plugin.PluginFactory.create(PluginFactory.java:62)&#13;
	at io.cucumber.core.plugin.Plugins.createPlugins(Plugins.java:32)&#13;
	at io.cucumber.core.plugin.Plugins.&lt;init&gt;(Plugins.java:25)&#13;
	at io.cucumber.junit.Cucumber.&lt;init&gt;(Cucumber.java:161)&#13;
	at sun.reflect.NativeConstructorAccessorImpl.newInstance0(Native Method)&#13;
	at sun.reflect.NativeConstructorAccessorImpl.newInstance(Unknown Source)&#13;
	at sun.reflect.DelegatingConstructorAccessorImpl.newInstance(Unknown Source)&#13;
	at java.lang.reflect.Constructor.newInstance(Unknown Source)&#13;
	at org.junit.internal.builders.AnnotatedBuilder.buildRunner(AnnotatedBuilder.java:104)&#13;
	at org.junit.internal.builders.AnnotatedBuilder.runnerForClass(AnnotatedBuilder.java:86)&#13;
	at org.junit.runners.model.RunnerBuilder.safeRunnerForClass(RunnerBuilder.java:59)&#13;
	at org.junit.internal.builders.AllDefaultPossibilitiesBuilder.runnerForClass(AllDefaultPossibilitiesBuilder.java:26)&#13;
	at org.junit.runners.model.RunnerBuilder.safeRunnerForClass(RunnerBuilder.java:59)&#13;
	at org.junit.internal.requests.ClassRequest.getRunner(ClassRequest.java:33)&#13;
	at org.eclipse.jdt.internal.junit4.runner.JUnit4TestLoader.createUnfilteredTest(JUnit4TestLoader.java:90)&#13;
	at org.eclipse.jdt.internal.junit4.runner.JUnit4TestLoader.createTest(JUnit4TestLoader.java:76)&#13;
	at org.eclipse.jdt.internal.junit4.runner.JUnit4TestLoader.loadTests(JUnit4TestLoader.java:49)&#13;
	at org.eclipse.jdt.internal.junit.runner.RemoteTestRunner.runTests(RemoteTestRunner.java:525)&#13;
	at org.eclipse.jdt.internal.junit.runner.RemoteTestRunner.runTests(RemoteTestRunner.java:763)&#13;
	at org.eclipse.jdt.internal.junit.runner.RemoteTestRunner.run(RemoteTestRunner.java:463)&#13;
	at org.eclipse.jdt.internal.junit.runner.RemoteTestRunner.main(RemoteTestRunner.java:209)&#13;
Caused by: java.io.FileNotFoundException: target\Report1 (Access is denied)&#13;
	at java.io.FileOutputStream.open0(Native Method)&#13;
	at java.io.FileOutputStream.open(Unknown Source)&#13;
	at java.io.FileOutputStream.&lt;init&gt;(Unknown Source)&#13;
	at java.io.FileOutputStream.&lt;init&gt;(Unknown Source)&#13;
	at io.cucumber.core.plugin.PluginFactory.createFileOutputStream(PluginFactory.java:207)&#13;
	... 24 more&#13;
&#13;
</error>
    </testcase>
  </testsuite>
</testrun>
